[IgnoreCode] 2024-04-29T15:31:06.878846 Plugin IgnoreCode threw while analyzing /Users/alex/Development/Repositories/apexive_timers_test_flutter/apexive_test_timers_flutter/apexive_senior_flutter_engineer_timers_test/lib/helpers/date_helper.dart:
[IgnoreCode] 2024-04-29T15:31:06.878846 InconsistentAnalysisException: Requested result might be inconsistent with previously returned results
[IgnoreCode] 2024-04-29T15:31:06.878846
[IgnoreCode] 2024-04-29T15:31:06.878846 #0      AnalysisSessionImpl.checkConsistency (package:analyzer/src/dart/analysis/session.dart:54:7)
[IgnoreCode] 2024-04-29T15:31:06.878846 #1      AnalysisSessionImpl.getResolvedUnit (package:analyzer/src/dart/analysis/session.dart:129:5)
[IgnoreCode] 2024-04-29T15:31:06.878846 #2      ChangeBuilderImpl._createDartFileEditBuilder (package:analyzer_plugin/src/utilities/change_builder/change_builder_core.dart:287:33)
[IgnoreCode] 2024-04-29T15:31:06.878846 #3      ChangeBuilderImpl.addDartFileEdit (package:analyzer_plugin/src/utilities/change_builder/change_builder_core.dart:136:23)
[IgnoreCode] 2024-04-29T15:31:06.878846 #4      _ChangeBuilderImpl.addDartFileEdit (package:custom_lint_core/src/change_reporter.dart:134:33)
[IgnoreCode] 2024-04-29T15:31:06.878846 #5      IgnoreCode.run (package:custom_lint_builder/src/ignore.dart:126:32)
[IgnoreCode] 2024-04-29T15:31:06.878846 #6      _ClientAnalyzerPlugin._runFixRun.<anonymous closure> (package:custom_lint_builder/src/client.dart:749:17)
[IgnoreCode] 2024-04-29T15:31:06.878846 #7      new Future.<anonymous closure> (dart:async/future.dart:256:37)
[IgnoreCode] 2024-04-29T15:31:06.878846 #8      _rootRun (dart:async/zone.dart:1391:47)
[IgnoreCode] 2024-04-29T15:31:06.878846 #9      _CustomZone.run (dart:async/zone.dart:1301:19)
[IgnoreCode] 2024-04-29T15:31:06.878846 #10     _CustomZone.runGuarded (dart:async/zone.dart:1209:7)
[IgnoreCode] 2024-04-29T15:31:06.878846 #11     _CustomZone.bindCallbackGuarded.<anonymous closure> (dart:async/zone.dart:1249:23)
[IgnoreCode] 2024-04-29T15:31:06.878846 #12     _rootRun (dart:async/zone.dart:1399:13)
[IgnoreCode] 2024-04-29T15:31:06.878846 #13     _CustomZone.run (dart:async/zone.dart:1301:19)
[IgnoreCode] 2024-04-29T15:31:06.878846 #14     _CustomZone.bindCallback.<anonymous closure> (dart:async/zone.dart:1233:23)
[IgnoreCode] 2024-04-29T15:31:06.878846 #15     Timer._createTimer.<anonymous closure> (dart:async-patch/timer_patch.dart:18:15)
[IgnoreCode] 2024-04-29T15:31:06.878846 #16     _Timer._runTimers (dart:isolate-patch/timer_impl.dart:398:19)
[IgnoreCode] 2024-04-29T15:31:06.878846 #17     _Timer._handleMessage (dart:isolate-patch/timer_impl.dart:429:5)
[IgnoreCode] 2024-04-29T15:31:06.878846 #18     _RawReceivePort._handleMessage (dart:isolate-patch/isolate_patch.dart:184:12)
[IgnoreCode] 2024-04-29T15:31:06.878846
[IgnoreCode] 2024-04-29T15:31:06.879653 Plugin IgnoreCode threw while analyzing /Users/alex/Development/Repositories/apexive_timers_test_flutter/apexive_test_timers_flutter/apexive_senior_flutter_engineer_timers_test/lib/helpers/date_helper.dart:
[IgnoreCode] 2024-04-29T15:31:06.879653 InconsistentAnalysisException: Requested result might be inconsistent with previously returned results
[IgnoreCode] 2024-04-29T15:31:06.879653
[IgnoreCode] 2024-04-29T15:31:06.879653 #0      AnalysisSessionImpl.checkConsistency (package:analyzer/src/dart/analysis/session.dart:54:7)
[IgnoreCode] 2024-04-29T15:31:06.879653 #1      AnalysisSessionImpl.getResolvedUnit (package:analyzer/src/dart/analysis/session.dart:129:5)
[IgnoreCode] 2024-04-29T15:31:06.879653 #2      ChangeBuilderImpl._createDartFileEditBuilder (package:analyzer_plugin/src/utilities/change_builder/change_builder_core.dart:287:33)
[IgnoreCode] 2024-04-29T15:31:06.879653 #3      ChangeBuilderImpl.addDartFileEdit (package:analyzer_plugin/src/utilities/change_builder/change_builder_core.dart:136:23)
[IgnoreCode] 2024-04-29T15:31:06.879653 #4      _ChangeBuilderImpl.addDartFileEdit (package:custom_lint_core/src/change_reporter.dart:134:33)
[IgnoreCode] 2024-04-29T15:31:06.879653 #5      IgnoreCode.run (package:custom_lint_builder/src/ignore.dart:155:32)
[IgnoreCode] 2024-04-29T15:31:06.879653 #6      _ClientAnalyzerPlugin._runFixRun.<anonymous closure> (package:custom_lint_builder/src/client.dart:749:17)
[IgnoreCode] 2024-04-29T15:31:06.879653 #7      new Future.<anonymous closure> (dart:async/future.dart:256:37)
[IgnoreCode] 2024-04-29T15:31:06.879653 #8      _rootRun (dart:async/zone.dart:1391:47)
[IgnoreCode] 2024-04-29T15:31:06.879653 #9      _CustomZone.run (dart:async/zone.dart:1301:19)
[IgnoreCode] 2024-04-29T15:31:06.879653 #10     _CustomZone.runGuarded (dart:async/zone.dart:1209:7)
[IgnoreCode] 2024-04-29T15:31:06.879653 #11     _CustomZone.bindCallbackGuarded.<anonymous closure> (dart:async/zone.dart:1249:23)
[IgnoreCode] 2024-04-29T15:31:06.879653 #12     _rootRun (dart:async/zone.dart:1399:13)
[IgnoreCode] 2024-04-29T15:31:06.879653 #13     _CustomZone.run (dart:async/zone.dart:1301:19)
[IgnoreCode] 2024-04-29T15:31:06.879653 #14     _CustomZone.bindCallback.<anonymous closure> (dart:async/zone.dart:1233:23)
[IgnoreCode] 2024-04-29T15:31:06.879653 #15     Timer._createTimer.<anonymous closure> (dart:async-patch/timer_patch.dart:18:15)
[IgnoreCode] 2024-04-29T15:31:06.879653 #16     _Timer._runTimers (dart:isolate-patch/timer_impl.dart:398:19)
[IgnoreCode] 2024-04-29T15:31:06.879653 #17     _Timer._handleMessage (dart:isolate-patch/timer_impl.dart:429:5)
[IgnoreCode] 2024-04-29T15:31:06.879653 #18     _RawReceivePort._handleMessage (dart:isolate-patch/isolate_patch.dart:184:12)
[IgnoreCode] 2024-04-29T15:31:06.879653
[IgnoreCode] 2024-04-29T15:31:06.881050 Plugin IgnoreCode threw while analyzing /Users/alex/Development/Repositories/apexive_timers_test_flutter/apexive_test_timers_flutter/apexive_senior_flutter_engineer_timers_test/lib/helpers/date_helper.dart:
[IgnoreCode] 2024-04-29T15:31:06.881050 InconsistentAnalysisException: Requested result might be inconsistent with previously returned results
[IgnoreCode] 2024-04-29T15:31:06.881050
[IgnoreCode] 2024-04-29T15:31:06.881050 #0      AnalysisSessionImpl.checkConsistency (package:analyzer/src/dart/analysis/session.dart:54:7)
[IgnoreCode] 2024-04-29T15:31:06.881050 #1      AnalysisSessionImpl.getResolvedUnit (package:analyzer/src/dart/analysis/session.dart:129:5)
[IgnoreCode] 2024-04-29T15:31:06.881050 #2      ChangeBuilderImpl._createDartFileEditBuilder (package:analyzer_plugin/src/utilities/change_builder/change_builder_core.dart:287:33)
[IgnoreCode] 2024-04-29T15:31:06.881050 #3      ChangeBuilderImpl.addDartFileEdit (package:analyzer_plugin/src/utilities/change_builder/change_builder_core.dart:136:23)
[IgnoreCode] 2024-04-29T15:31:06.881050 #4      _ChangeBuilderImpl.addDartFileEdit (package:custom_lint_core/src/change_reporter.dart:134:33)
[IgnoreCode] 2024-04-29T15:31:06.881050 #5      IgnoreCode.run (package:custom_lint_builder/src/ignore.dart:126:32)
[IgnoreCode] 2024-04-29T15:31:06.881050 #6      _ClientAnalyzerPlugin._runFixRun.<anonymous closure> (package:custom_lint_builder/src/client.dart:749:17)
[IgnoreCode] 2024-04-29T15:31:06.881050 #7      new Future.<anonymous closure> (dart:async/future.dart:256:37)
[IgnoreCode] 2024-04-29T15:31:06.881050 #8      _rootRun (dart:async/zone.dart:1391:47)
[IgnoreCode] 2024-04-29T15:31:06.881050 #9      _CustomZone.run (dart:async/zone.dart:1301:19)
[IgnoreCode] 2024-04-29T15:31:06.881050 #10     _CustomZone.runGuarded (dart:async/zone.dart:1209:7)
[IgnoreCode] 2024-04-29T15:31:06.881050 #11     _CustomZone.bindCallbackGuarded.<anonymous closure> (dart:async/zone.dart:1249:23)
[IgnoreCode] 2024-04-29T15:31:06.881050 #12     _rootRun (dart:async/zone.dart:1399:13)
[IgnoreCode] 2024-04-29T15:31:06.881050 #13     _CustomZone.run (dart:async/zone.dart:1301:19)
[IgnoreCode] 2024-04-29T15:31:06.881050 #14     _CustomZone.bindCallback.<anonymous closure> (dart:async/zone.dart:1233:23)
[IgnoreCode] 2024-04-29T15:31:06.881050 #15     Timer._createTimer.<anonymous closure> (dart:async-patch/timer_patch.dart:18:15)
[IgnoreCode] 2024-04-29T15:31:06.881050 #16     _Timer._runTimers (dart:isolate-patch/timer_impl.dart:398:19)
[IgnoreCode] 2024-04-29T15:31:06.881050 #17     _Timer._handleMessage (dart:isolate-patch/timer_impl.dart:429:5)
[IgnoreCode] 2024-04-29T15:31:06.881050 #18     _RawReceivePort._handleMessage (dart:isolate-patch/isolate_patch.dart:184:12)
[IgnoreCode] 2024-04-29T15:31:06.881050
[IgnoreCode] 2024-04-29T15:31:06.881523 Plugin IgnoreCode threw while analyzing /Users/alex/Development/Repositories/apexive_timers_test_flutter/apexive_test_timers_flutter/apexive_senior_flutter_engineer_timers_test/lib/helpers/date_helper.dart:
[IgnoreCode] 2024-04-29T15:31:06.881523 InconsistentAnalysisException: Requested result might be inconsistent with previously returned results
[IgnoreCode] 2024-04-29T15:31:06.881523
[IgnoreCode] 2024-04-29T15:31:06.881523 #0      AnalysisSessionImpl.checkConsistency (package:analyzer/src/dart/analysis/session.dart:54:7)
[IgnoreCode] 2024-04-29T15:31:06.881523 #1      AnalysisSessionImpl.getResolvedUnit (package:analyzer/src/dart/analysis/session.dart:129:5)
[IgnoreCode] 2024-04-29T15:31:06.881523 #2      ChangeBuilderImpl._createDartFileEditBuilder (package:analyzer_plugin/src/utilities/change_builder/change_builder_core.dart:287:33)
[IgnoreCode] 2024-04-29T15:31:06.881523 #3      ChangeBuilderImpl.addDartFileEdit (package:analyzer_plugin/src/utilities/change_builder/change_builder_core.dart:136:23)
[IgnoreCode] 2024-04-29T15:31:06.881523 #4      _ChangeBuilderImpl.addDartFileEdit (package:custom_lint_core/src/change_reporter.dart:134:33)
[IgnoreCode] 2024-04-29T15:31:06.881523 #5      IgnoreCode.run (package:custom_lint_builder/src/ignore.dart:155:32)
[IgnoreCode] 2024-04-29T15:31:06.881523 #6      _ClientAnalyzerPlugin._runFixRun.<anonymous closure> (package:custom_lint_builder/src/client.dart:749:17)
[IgnoreCode] 2024-04-29T15:31:06.881523 #7      new Future.<anonymous closure> (dart:async/future.dart:256:37)
[IgnoreCode] 2024-04-29T15:31:06.881523 #8      _rootRun (dart:async/zone.dart:1391:47)
[IgnoreCode] 2024-04-29T15:31:06.881523 #9      _CustomZone.run (dart:async/zone.dart:1301:19)
[IgnoreCode] 2024-04-29T15:31:06.881523 #10     _CustomZone.runGuarded (dart:async/zone.dart:1209:7)
[IgnoreCode] 2024-04-29T15:31:06.881523 #11     _CustomZone.bindCallbackGuarded.<anonymous closure> (dart:async/zone.dart:1249:23)
[IgnoreCode] 2024-04-29T15:31:06.881523 #12     _rootRun (dart:async/zone.dart:1399:13)
[IgnoreCode] 2024-04-29T15:31:06.881523 #13     _CustomZone.run (dart:async/zone.dart:1301:19)
[IgnoreCode] 2024-04-29T15:31:06.881523 #14     _CustomZone.bindCallback.<anonymous closure> (dart:async/zone.dart:1233:23)
[IgnoreCode] 2024-04-29T15:31:06.881523 #15     Timer._createTimer.<anonymous closure> (dart:async-patch/timer_patch.dart:18:15)
[IgnoreCode] 2024-04-29T15:31:06.881523 #16     _Timer._runTimers (dart:isolate-patch/timer_impl.dart:398:19)
[IgnoreCode] 2024-04-29T15:31:06.881523 #17     _Timer._handleMessage (dart:isolate-patch/timer_impl.dart:429:5)
[IgnoreCode] 2024-04-29T15:31:06.881523 #18     _RawReceivePort._handleMessage (dart:isolate-patch/isolate_patch.dart:184:12)
[IgnoreCode] 2024-04-29T15:31:06.881523
